<?xml version="1.0" encoding="UTF-8"?>
<!-- Generated by org.testng.reporters.JUnitXMLReporter -->
<testsuite hostname="LAPTOP-068F4HI7" ignored="0" name="Free CRM App Test Cases" tests="9" failures="0" timestamp="21 Jul 2020 11:19:43 GMT" time="188.815" errors="0">
  <testcase name="loginPageTestTitle" time="0.049" classname="com.crm.qa.testcases.LoginPageTest"/>
  <testcase name="verifyHomePageTitleTest" time="0.022" classname="com.crm.qa.testcases.HomePageTest"/>
  <testcase name="verifyContactsPageLabel" time="0.14" classname="com.crm.qa.testcases.ContactsPageTest"/>
  <testcase name="crmLogoImageTest" time="0.092" classname="com.crm.qa.testcases.LoginPageTest"/>
  <testcase name="verifyUserNameTest" time="0.178" classname="com.crm.qa.testcases.HomePageTest"/>
  <testcase name="selectSingleContactsTest" time="0.17" classname="com.crm.qa.testcases.ContactsPageTest"/>
  <testcase name="loginTest" time="9.542" classname="com.crm.qa.testcases.LoginPageTest"/>
  <testcase name="verifyContactslinkTest" time="1.968" classname="com.crm.qa.testcases.HomePageTest"/>
  <testcase name="selectMultipleContactsTest" time="0.301" classname="com.crm.qa.testcases.ContactsPageTest"/>
</testsuite> <!-- Free CRM App Test Cases -->
